# JRE version: Java(TM) SE Runtime Environment (8.0_60-b27) (build 1.8.0_60-b27)
# Java VM: Java HotSpot(TM) 64-Bit Server VM (25.60-b23 mixed mode windows-amd64 compressed oops)
Heap:
 PSYoungGen      total 38400K, used 23291K [0x00000000d5f80000, 0x00000000daa80000, 0x0000000100000000)
  eden space 33280K, 54% used [0x00000000d5f80000,0x00000000d71436a0,0x00000000d8000000)
  from space 5120K, 99% used [0x00000000da580000,0x00000000daa7b5e0,0x00000000daa80000)
  to   space 5120K, 0% used [0x00000000d8000000,0x00000000d8000000,0x00000000d8500000)
 ParOldGen       total 87552K, used 56913K [0x0000000081e00000, 0x0000000087380000, 0x00000000d5f80000)
  object space 87552K, 65% used [0x0000000081e00000,0x0000000085594700,0x0000000087380000)
 Metaspace       used 10494K, capacity 10690K, committed 10880K, reserved 1058816K
  class space    used 1230K, capacity 1320K, committed 1408K, reserved 1048576K
GC Heap History (4 events):
Event: 0.671 GC heap before
{Heap before GC invocations=1 (full 0):
 PSYoungGen      total 38400K, used 33280K [0x00000000d5f80000, 0x00000000d8a00000, 0x0000000100000000)
  eden space 33280K, 100% used [0x00000000d5f80000,0x00000000d8000000,0x00000000d8000000)
  from space 5120K, 0% used [0x00000000d8500000,0x00000000d8500000,0x00000000d8a00000)
  to   space 5120K, 0% used [0x00000000d8000000,0x00000000d8000000,0x00000000d8500000)
 ParOldGen       total 87552K, used 18750K [0x0000000081e00000, 0x0000000087380000, 0x00000000d5f80000)
  object space 87552K, 21% used [0x0000000081e00000,0x000000008304f810,0x0000000087380000)
 Metaspace       used 5972K, capacity 6074K, committed 6144K, reserved 1056768K
  class space    used 664K, capacity 725K, committed 768K, reserved 1048576K
Event: 0.678 GC heap after
Heap after GC invocations=1 (full 0):
 PSYoungGen      total 38400K, used 4877K [0x00000000d5f80000, 0x00000000daa80000, 0x0000000100000000)
  eden space 33280K, 0% used [0x00000000d5f80000,0x00000000d5f80000,0x00000000d8000000)
  from space 5120K, 95% used [0x00000000d8000000,0x00000000d84c35e0,0x00000000d8500000)
  to   space 5120K, 0% used [0x00000000da580000,0x00000000da580000,0x00000000daa80000)
 ParOldGen       total 87552K, used 32173K [0x0000000081e00000, 0x0000000087380000, 0x00000000d5f80000)
  object space 87552K, 36% used [0x0000000081e00000,0x0000000083d6b6d0,0x0000000087380000)
 Metaspace       used 5972K, capacity 6074K, committed 6144K, reserved 1056768K
  class space    used 664K, capacity 725K, committed 768K, reserved 1048576K
}
Event: 2.283 GC heap before
{Heap before GC invocations=2 (full 0):
 PSYoungGen      total 38400K, used 38157K [0x00000000d5f80000, 0x00000000daa80000, 0x0000000100000000)
  eden space 33280K, 100% used [0x00000000d5f80000,0x00000000d8000000,0x00000000d8000000)
  from space 5120K, 95% used [0x00000000d8000000,0x00000000d84c35e0,0x00000000d8500000)
  to   space 5120K, 0% used [0x00000000da580000,0x00000000da580000,0x00000000daa80000)
 ParOldGen       total 87552K, used 32173K [0x0000000081e00000, 0x0000000087380000, 0x00000000d5f80000)
  object space 87552K, 36% used [0x0000000081e00000,0x0000000083d6b6d0,0x0000000087380000)
 Metaspace       used 10306K, capacity 10524K, committed 10880K, reserved 1058816K
  class space    used 1198K, capacity 1287K, committed 1408K, reserved 1048576K
Event: 2.292 GC heap after
Heap after GC invocations=2 (full 0):
 PSYoungGen      total 38400K, used 5101K [0x00000000d5f80000, 0x00000000daa80000, 0x0000000100000000)
  eden space 33280K, 0% used [0x00000000d5f80000,0x00000000d5f80000,0x00000000d8000000)
  from space 5120K, 99% used [0x00000000da580000,0x00000000daa7b5e0,0x00000000daa80000)
  to   space 5120K, 0% used [0x00000000d8000000,0x00000000d8000000,0x00000000d8500000)
 ParOldGen       total 87552K, used 56913K [0x0000000081e00000, 0x0000000087380000, 0x00000000d5f80000)
  object space 87552K, 65% used [0x0000000081e00000,0x0000000085594700,0x0000000087380000)
 Metaspace       used 10306K, capacity 10524K, committed 10880K, reserved 1058816K
  class space    used 1198K, capacity 1287K, committed 1408K, reserved 1048576K
}

